  assign1.cpp
c:\my_folder\semesters\second_semester\csci420\homework\homework1\assign1_startercode_windowsvs2012\assign1\assign1\assign1.cpp(76): warning C4101: 'j' : unreferenced local variable
c:\my_folder\semesters\second_semester\csci420\homework\homework1\assign1_startercode_windowsvs2012\assign1\assign1\assign1.cpp(136): warning C4101: 'k' : unreferenced local variable
c:\my_folder\semesters\second_semester\csci420\homework\homework1\assign1_startercode_windowsvs2012\assign1\assign1\assign1.cpp(196): warning C4101: 'k' : unreferenced local variable
c:\my_folder\semesters\second_semester\csci420\homework\homework1\assign1_startercode_windowsvs2012\assign1\assign1\assign1.cpp(287): warning C4101: 'k' : unreferenced local variable
c:\my_folder\semesters\second_semester\csci420\homework\homework1\assign1_startercode_windowsvs2012\assign1\assign1\assign1.cpp(508): warning C4101: 'k' : unreferenced local variable
c:\my_folder\semesters\second_semester\csci420\homework\homework1\assign1_startercode_windowsvs2012\assign1\assign1\assign1.cpp(731): warning C4101: 'i' : unreferenced local variable
c:\my_folder\semesters\second_semester\csci420\homework\homework1\assign1_startercode_windowsvs2012\assign1\assign1\assign1.cpp(733): warning C4101: 'YCoordinate' : unreferenced local variable
c:\my_folder\semesters\second_semester\csci420\homework\homework1\assign1_startercode_windowsvs2012\assign1\assign1\assign1.cpp(733): warning C4101: 'XCoordinate' : unreferenced local variable
c:\my_folder\semesters\second_semester\csci420\homework\homework1\assign1_startercode_windowsvs2012\assign1\assign1\assign1.cpp(731): warning C4101: 'k' : unreferenced local variable
c:\my_folder\semesters\second_semester\csci420\homework\homework1\assign1_startercode_windowsvs2012\assign1\assign1\assign1.cpp(731): warning C4101: 'j' : unreferenced local variable
  picLibrary.lib(pic.obj) : MSIL .netmodule or module compiled with /GL found; restarting link with /LTCG; add /LTCG to the link command line to improve linker performance
LINK : warning LNK4075: ignoring '/INCREMENTAL' due to '/LTCG' specification
assign1.obj : warning LNK4075: ignoring '/EDITANDCONTINUE' due to '/OPT:LBR' specification
LINK : warning LNK4098: defaultlib 'MSVCRT' conflicts with use of other libs; use /NODEFAULTLIB:library
MSVCRTD.lib(cinitexe.obj) : warning LNK4098: defaultlib 'libcmtd.lib' conflicts with use of other libs; use /NODEFAULTLIB:library
  Generating code
  Finished generating code
picLibrary.lib(pic.obj) : warning LNK4099: PDB 'vc100.pdb' was not found with 'picLibrary.lib(pic.obj)' or at 'C:\My_Folder\Semesters\Second_Semester\CSCI420\Homework\Homework1\assign1_starterCode_windowsVS2012\assign1\Debug\vc100.pdb'; linking object as if no debug info
picLibrary.lib(jpeg.obj) : warning LNK4099: PDB 'vc100.pdb' was not found with 'picLibrary.lib(jpeg.obj)' or at 'C:\My_Folder\Semesters\Second_Semester\CSCI420\Homework\Homework1\assign1_starterCode_windowsVS2012\assign1\Debug\vc100.pdb'; linking object as if no debug info
picLibrary.lib(ppm.obj) : warning LNK4099: PDB 'vc100.pdb' was not found with 'picLibrary.lib(ppm.obj)' or at 'C:\My_Folder\Semesters\Second_Semester\CSCI420\Homework\Homework1\assign1_starterCode_windowsVS2012\assign1\Debug\vc100.pdb'; linking object as if no debug info
picLibrary.lib(tiff.obj) : warning LNK4099: PDB 'vc100.pdb' was not found with 'picLibrary.lib(tiff.obj)' or at 'C:\My_Folder\Semesters\Second_Semester\CSCI420\Homework\Homework1\assign1_starterCode_windowsVS2012\assign1\Debug\vc100.pdb'; linking object as if no debug info
libjpeg.lib(jcapimin.obj) : warning LNK4099: PDB 'vc100.pdb' was not found with 'libjpeg.lib(jcapimin.obj)' or at 'C:\My_Folder\Semesters\Second_Semester\CSCI420\Homework\Homework1\assign1_starterCode_windowsVS2012\assign1\Debug\vc100.pdb'; linking object as if no debug info
libjpeg.lib(jcapistd.obj) : warning LNK4099: PDB 'vc100.pdb' was not found with 'libjpeg.lib(jcapistd.obj)' or at 'C:\My_Folder\Semesters\Second_Semester\CSCI420\Homework\Homework1\assign1_starterCode_windowsVS2012\assign1\Debug\vc100.pdb'; linking object as if no debug info
libjpeg.lib(jcarith.obj) : warning LNK4099: PDB 'vc100.pdb' was not found with 'libjpeg.lib(jcarith.obj)' or at 'C:\My_Folder\Semesters\Second_Semester\CSCI420\Homework\Homework1\assign1_starterCode_windowsVS2012\assign1\Debug\vc100.pdb'; linking object as if no debug info
libjpeg.lib(jcparam.obj) : warning LNK4099: PDB 'vc100.pdb' was not found with 'libjpeg.lib(jcparam.obj)' or at 'C:\My_Folder\Semesters\Second_Semester\CSCI420\Homework\Homework1\assign1_starterCode_windowsVS2012\assign1\Debug\vc100.pdb'; linking object as if no debug info
libjpeg.lib(jdatadst.obj) : warning LNK4099: PDB 'vc100.pdb' was not found with 'libjpeg.lib(jdatadst.obj)' or at 'C:\My_Folder\Semesters\Second_Semester\CSCI420\Homework\Homework1\assign1_starterCode_windowsVS2012\assign1\Debug\vc100.pdb'; linking object as if no debug info
libjpeg.lib(jcinit.obj) : warning LNK4099: PDB 'vc100.pdb' was not found with 'libjpeg.lib(jcinit.obj)' or at 'C:\My_Folder\Semesters\Second_Semester\CSCI420\Homework\Homework1\assign1_starterCode_windowsVS2012\assign1\Debug\vc100.pdb'; linking object as if no debug info
libjpeg.lib(jcmaster.obj) : warning LNK4099: PDB 'vc100.pdb' was not found with 'libjpeg.lib(jcmaster.obj)' or at 'C:\My_Folder\Semesters\Second_Semester\CSCI420\Homework\Homework1\assign1_starterCode_windowsVS2012\assign1\Debug\vc100.pdb'; linking object as if no debug info
libjpeg.lib(jcmarker.obj) : warning LNK4099: PDB 'vc100.pdb' was not found with 'libjpeg.lib(jcmarker.obj)' or at 'C:\My_Folder\Semesters\Second_Semester\CSCI420\Homework\Homework1\assign1_starterCode_windowsVS2012\assign1\Debug\vc100.pdb'; linking object as if no debug info
libjpeg.lib(jcmainct.obj) : warning LNK4099: PDB 'vc100.pdb' was not found with 'libjpeg.lib(jcmainct.obj)' or at 'C:\My_Folder\Semesters\Second_Semester\CSCI420\Homework\Homework1\assign1_starterCode_windowsVS2012\assign1\Debug\vc100.pdb'; linking object as if no debug info
libjpeg.lib(jcprepct.obj) : warning LNK4099: PDB 'vc100.pdb' was not found with 'libjpeg.lib(jcprepct.obj)' or at 'C:\My_Folder\Semesters\Second_Semester\CSCI420\Homework\Homework1\assign1_starterCode_windowsVS2012\assign1\Debug\vc100.pdb'; linking object as if no debug info
libjpeg.lib(jccoefct.obj) : warning LNK4099: PDB 'vc100.pdb' was not found with 'libjpeg.lib(jccoefct.obj)' or at 'C:\My_Folder\Semesters\Second_Semester\CSCI420\Homework\Homework1\assign1_starterCode_windowsVS2012\assign1\Debug\vc100.pdb'; linking object as if no debug info
libjpeg.lib(jccolor.obj) : warning LNK4099: PDB 'vc100.pdb' was not found with 'libjpeg.lib(jccolor.obj)' or at 'C:\My_Folder\Semesters\Second_Semester\CSCI420\Homework\Homework1\assign1_starterCode_windowsVS2012\assign1\Debug\vc100.pdb'; linking object as if no debug info
libjpeg.lib(jcsample.obj) : warning LNK4099: PDB 'vc100.pdb' was not found with 'libjpeg.lib(jcsample.obj)' or at 'C:\My_Folder\Semesters\Second_Semester\CSCI420\Homework\Homework1\assign1_starterCode_windowsVS2012\assign1\Debug\vc100.pdb'; linking object as if no debug info
libjpeg.lib(jchuff.obj) : warning LNK4099: PDB 'vc100.pdb' was not found with 'libjpeg.lib(jchuff.obj)' or at 'C:\My_Folder\Semesters\Second_Semester\CSCI420\Homework\Homework1\assign1_starterCode_windowsVS2012\assign1\Debug\vc100.pdb'; linking object as if no debug info
libjpeg.lib(jcdctmgr.obj) : warning LNK4099: PDB 'vc100.pdb' was not found with 'libjpeg.lib(jcdctmgr.obj)' or at 'C:\My_Folder\Semesters\Second_Semester\CSCI420\Homework\Homework1\assign1_starterCode_windowsVS2012\assign1\Debug\vc100.pdb'; linking object as if no debug info
libjpeg.lib(jfdctfst.obj) : warning LNK4099: PDB 'vc100.pdb' was not found with 'libjpeg.lib(jfdctfst.obj)' or at 'C:\My_Folder\Semesters\Second_Semester\CSCI420\Homework\Homework1\assign1_starterCode_windowsVS2012\assign1\Debug\vc100.pdb'; linking object as if no debug info
libjpeg.lib(jfdctflt.obj) : warning LNK4099: PDB 'vc100.pdb' was not found with 'libjpeg.lib(jfdctflt.obj)' or at 'C:\My_Folder\Semesters\Second_Semester\CSCI420\Homework\Homework1\assign1_starterCode_windowsVS2012\assign1\Debug\vc100.pdb'; linking object as if no debug info
libjpeg.lib(jfdctint.obj) : warning LNK4099: PDB 'vc100.pdb' was not found with 'libjpeg.lib(jfdctint.obj)' or at 'C:\My_Folder\Semesters\Second_Semester\CSCI420\Homework\Homework1\assign1_starterCode_windowsVS2012\assign1\Debug\vc100.pdb'; linking object as if no debug info
libjpeg.lib(jdapimin.obj) : warning LNK4099: PDB 'vc100.pdb' was not found with 'libjpeg.lib(jdapimin.obj)' or at 'C:\My_Folder\Semesters\Second_Semester\CSCI420\Homework\Homework1\assign1_starterCode_windowsVS2012\assign1\Debug\vc100.pdb'; linking object as if no debug info
libjpeg.lib(jdapistd.obj) : warning LNK4099: PDB 'vc100.pdb' was not found with 'libjpeg.lib(jdapistd.obj)' or at 'C:\My_Folder\Semesters\Second_Semester\CSCI420\Homework\Homework1\assign1_starterCode_windowsVS2012\assign1\Debug\vc100.pdb'; linking object as if no debug info
libjpeg.lib(jdarith.obj) : warning LNK4099: PDB 'vc100.pdb' was not found with 'libjpeg.lib(jdarith.obj)' or at 'C:\My_Folder\Semesters\Second_Semester\CSCI420\Homework\Homework1\assign1_starterCode_windowsVS2012\assign1\Debug\vc100.pdb'; linking object as if no debug info
libjpeg.lib(jdatasrc.obj) : warning LNK4099: PDB 'vc100.pdb' was not found with 'libjpeg.lib(jdatasrc.obj)' or at 'C:\My_Folder\Semesters\Second_Semester\CSCI420\Homework\Homework1\assign1_starterCode_windowsVS2012\assign1\Debug\vc100.pdb'; linking object as if no debug info
libjpeg.lib(jdmaster.obj) : warning LNK4099: PDB 'vc100.pdb' was not found with 'libjpeg.lib(jdmaster.obj)' or at 'C:\My_Folder\Semesters\Second_Semester\CSCI420\Homework\Homework1\assign1_starterCode_windowsVS2012\assign1\Debug\vc100.pdb'; linking object as if no debug info
libjpeg.lib(jdinput.obj) : warning LNK4099: PDB 'vc100.pdb' was not found with 'libjpeg.lib(jdinput.obj)' or at 'C:\My_Folder\Semesters\Second_Semester\CSCI420\Homework\Homework1\assign1_starterCode_windowsVS2012\assign1\Debug\vc100.pdb'; linking object as if no debug info
libjpeg.lib(jdmarker.obj) : warning LNK4099: PDB 'vc100.pdb' was not found with 'libjpeg.lib(jdmarker.obj)' or at 'C:\My_Folder\Semesters\Second_Semester\CSCI420\Homework\Homework1\assign1_starterCode_windowsVS2012\assign1\Debug\vc100.pdb'; linking object as if no debug info
libjpeg.lib(jdhuff.obj) : warning LNK4099: PDB 'vc100.pdb' was not found with 'libjpeg.lib(jdhuff.obj)' or at 'C:\My_Folder\Semesters\Second_Semester\CSCI420\Homework\Homework1\assign1_starterCode_windowsVS2012\assign1\Debug\vc100.pdb'; linking object as if no debug info
libjpeg.lib(jdmainct.obj) : warning LNK4099: PDB 'vc100.pdb' was not found with 'libjpeg.lib(jdmainct.obj)' or at 'C:\My_Folder\Semesters\Second_Semester\CSCI420\Homework\Homework1\assign1_starterCode_windowsVS2012\assign1\Debug\vc100.pdb'; linking object as if no debug info
libjpeg.lib(jdcoefct.obj) : warning LNK4099: PDB 'vc100.pdb' was not found with 'libjpeg.lib(jdcoefct.obj)' or at 'C:\My_Folder\Semesters\Second_Semester\CSCI420\Homework\Homework1\assign1_starterCode_windowsVS2012\assign1\Debug\vc100.pdb'; linking object as if no debug info
libjpeg.lib(jdpostct.obj) : warning LNK4099: PDB 'vc100.pdb' was not found with 'libjpeg.lib(jdpostct.obj)' or at 'C:\My_Folder\Semesters\Second_Semester\CSCI420\Homework\Homework1\assign1_starterCode_windowsVS2012\assign1\Debug\vc100.pdb'; linking object as if no debug info
libjpeg.lib(jddctmgr.obj) : warning LNK4099: PDB 'vc100.pdb' was not found with 'libjpeg.lib(jddctmgr.obj)' or at 'C:\My_Folder\Semesters\Second_Semester\CSCI420\Homework\Homework1\assign1_starterCode_windowsVS2012\assign1\Debug\vc100.pdb'; linking object as if no debug info
libjpeg.lib(jidctfst.obj) : warning LNK4099: PDB 'vc100.pdb' was not found with 'libjpeg.lib(jidctfst.obj)' or at 'C:\My_Folder\Semesters\Second_Semester\CSCI420\Homework\Homework1\assign1_starterCode_windowsVS2012\assign1\Debug\vc100.pdb'; linking object as if no debug info
libjpeg.lib(jidctflt.obj) : warning LNK4099: PDB 'vc100.pdb' was not found with 'libjpeg.lib(jidctflt.obj)' or at 'C:\My_Folder\Semesters\Second_Semester\CSCI420\Homework\Homework1\assign1_starterCode_windowsVS2012\assign1\Debug\vc100.pdb'; linking object as if no debug info
libjpeg.lib(jidctint.obj) : warning LNK4099: PDB 'vc100.pdb' was not found with 'libjpeg.lib(jidctint.obj)' or at 'C:\My_Folder\Semesters\Second_Semester\CSCI420\Homework\Homework1\assign1_starterCode_windowsVS2012\assign1\Debug\vc100.pdb'; linking object as if no debug info
libjpeg.lib(jdsample.obj) : warning LNK4099: PDB 'vc100.pdb' was not found with 'libjpeg.lib(jdsample.obj)' or at 'C:\My_Folder\Semesters\Second_Semester\CSCI420\Homework\Homework1\assign1_starterCode_windowsVS2012\assign1\Debug\vc100.pdb'; linking object as if no debug info
libjpeg.lib(jdcolor.obj) : warning LNK4099: PDB 'vc100.pdb' was not found with 'libjpeg.lib(jdcolor.obj)' or at 'C:\My_Folder\Semesters\Second_Semester\CSCI420\Homework\Homework1\assign1_starterCode_windowsVS2012\assign1\Debug\vc100.pdb'; linking object as if no debug info
libjpeg.lib(jquant1.obj) : warning LNK4099: PDB 'vc100.pdb' was not found with 'libjpeg.lib(jquant1.obj)' or at 'C:\My_Folder\Semesters\Second_Semester\CSCI420\Homework\Homework1\assign1_starterCode_windowsVS2012\assign1\Debug\vc100.pdb'; linking object as if no debug info
libjpeg.lib(jquant2.obj) : warning LNK4099: PDB 'vc100.pdb' was not found with 'libjpeg.lib(jquant2.obj)' or at 'C:\My_Folder\Semesters\Second_Semester\CSCI420\Homework\Homework1\assign1_starterCode_windowsVS2012\assign1\Debug\vc100.pdb'; linking object as if no debug info
libjpeg.lib(jdmerge.obj) : warning LNK4099: PDB 'vc100.pdb' was not found with 'libjpeg.lib(jdmerge.obj)' or at 'C:\My_Folder\Semesters\Second_Semester\CSCI420\Homework\Homework1\assign1_starterCode_windowsVS2012\assign1\Debug\vc100.pdb'; linking object as if no debug info
libjpeg.lib(jaricom.obj) : warning LNK4099: PDB 'vc100.pdb' was not found with 'libjpeg.lib(jaricom.obj)' or at 'C:\My_Folder\Semesters\Second_Semester\CSCI420\Homework\Homework1\assign1_starterCode_windowsVS2012\assign1\Debug\vc100.pdb'; linking object as if no debug info
libjpeg.lib(jcomapi.obj) : warning LNK4099: PDB 'vc100.pdb' was not found with 'libjpeg.lib(jcomapi.obj)' or at 'C:\My_Folder\Semesters\Second_Semester\CSCI420\Homework\Homework1\assign1_starterCode_windowsVS2012\assign1\Debug\vc100.pdb'; linking object as if no debug info
libjpeg.lib(jutils.obj) : warning LNK4099: PDB 'vc100.pdb' was not found with 'libjpeg.lib(jutils.obj)' or at 'C:\My_Folder\Semesters\Second_Semester\CSCI420\Homework\Homework1\assign1_starterCode_windowsVS2012\assign1\Debug\vc100.pdb'; linking object as if no debug info
libjpeg.lib(jerror.obj) : warning LNK4099: PDB 'vc100.pdb' was not found with 'libjpeg.lib(jerror.obj)' or at 'C:\My_Folder\Semesters\Second_Semester\CSCI420\Homework\Homework1\assign1_starterCode_windowsVS2012\assign1\Debug\vc100.pdb'; linking object as if no debug info
libjpeg.lib(jmemmgr.obj) : warning LNK4099: PDB 'vc100.pdb' was not found with 'libjpeg.lib(jmemmgr.obj)' or at 'C:\My_Folder\Semesters\Second_Semester\CSCI420\Homework\Homework1\assign1_starterCode_windowsVS2012\assign1\Debug\vc100.pdb'; linking object as if no debug info
libjpeg.lib(jmemnobs.obj) : warning LNK4099: PDB 'vc100.pdb' was not found with 'libjpeg.lib(jmemnobs.obj)' or at 'C:\My_Folder\Semesters\Second_Semester\CSCI420\Homework\Homework1\assign1_starterCode_windowsVS2012\assign1\Debug\vc100.pdb'; linking object as if no debug info
  assign1.vcxproj -> C:\My_Folder\Semesters\Second_Semester\CSCI420\Homework\Homework1\assign1_starterCode_windowsVS2012\assign1\Debug\assign1.exe
