Build started 4/19/2014 7:59:10 PM.
     1>Project "C:\Users\Ganesh\SkyDrive\Documents\My_Folder\USC\Spring2014\CSCI420\Homework\Homework3\assign3_starterCode_windowsVS_working_till_supersampling\assign3\assign3\assign3.vcxproj" on node 2 (Build target(s)).
     1>ClCompile:
         C:\Program Files (x86)\Microsoft Visual Studio 12.0\VC\bin\CL.exe /c /I"glut-3.7.6-bin" /IpicLibrary /ZI /nologo /W3 /WX- /Od /Oy- /D WIN32 /D _DEBUG /D _CONSOLE /D _UNICODE /D UNICODE /Gm /EHsc /RTC1 /MDd /GS /fp:precise /Zc:wchar_t /Zc:forScope /Fo"Debug\\" /Fd"Debug\vc120.pdb" /Gd /TP /analyze- /errorReport:prompt Scene.cpp assign3.cpp
         Scene.cpp
     1>c:\users\ganesh\skydrive\documents\my_folder\usc\spring2014\csci420\homework\homework3\assign3_startercode_windowsvs_working_till_supersampling\assign3\assign3\triangleclass.h(11): warning C4005: 'DISTANCE_OFFSET' : macro redefinition
                 c:\users\ganesh\skydrive\documents\my_folder\usc\spring2014\csci420\homework\homework3\assign3_startercode_windowsvs_working_till_supersampling\assign3\assign3\sphereclass.h(10) : see previous definition of 'DISTANCE_OFFSET'
     1>c:\users\ganesh\skydrive\documents\my_folder\usc\spring2014\csci420\homework\homework3\assign3_startercode_windowsvs_working_till_supersampling\assign3\assign3\scene.h(23): warning C4005: 'DISTANCE_OFFSET' : macro redefinition
                 c:\users\ganesh\skydrive\documents\my_folder\usc\spring2014\csci420\homework\homework3\assign3_startercode_windowsvs_working_till_supersampling\assign3\assign3\triangleclass.h(11) : see previous definition of 'DISTANCE_OFFSET'
     1>c:\users\ganesh\skydrive\documents\my_folder\usc\spring2014\csci420\homework\homework3\assign3_startercode_windowsvs_working_till_supersampling\assign3\assign3\scene.cpp(42): warning C4018: '<' : signed/unsigned mismatch
     1>c:\users\ganesh\skydrive\documents\my_folder\usc\spring2014\csci420\homework\homework3\assign3_startercode_windowsvs_working_till_supersampling\assign3\assign3\scene.cpp(74): warning C4018: '<' : signed/unsigned mismatch
     1>c:\users\ganesh\skydrive\documents\my_folder\usc\spring2014\csci420\homework\homework3\assign3_startercode_windowsvs_working_till_supersampling\assign3\assign3\scene.cpp(95): warning C4101: 'specularColor' : unreferenced local variable
     1>c:\users\ganesh\skydrive\documents\my_folder\usc\spring2014\csci420\homework\homework3\assign3_startercode_windowsvs_working_till_supersampling\assign3\assign3\scene.cpp(95): warning C4101: 'diffuseColor' : unreferenced local variable
     1>c:\users\ganesh\skydrive\documents\my_folder\usc\spring2014\csci420\homework\homework3\assign3_startercode_windowsvs_working_till_supersampling\assign3\assign3\scene.cpp(159): warning C4018: '<' : signed/unsigned mismatch
     1>c:\users\ganesh\skydrive\documents\my_folder\usc\spring2014\csci420\homework\homework3\assign3_startercode_windowsvs_working_till_supersampling\assign3\assign3\scene.cpp(209): warning C4018: '<' : signed/unsigned mismatch
     1>c:\users\ganesh\skydrive\documents\my_folder\usc\spring2014\csci420\homework\homework3\assign3_startercode_windowsvs_working_till_supersampling\assign3\assign3\scene.cpp(228): warning C4018: '<' : signed/unsigned mismatch
     1>c:\users\ganesh\skydrive\documents\my_folder\usc\spring2014\csci420\homework\homework3\assign3_startercode_windowsvs_working_till_supersampling\assign3\assign3\scene.cpp(234): warning C4018: '<' : signed/unsigned mismatch
     1>c:\users\ganesh\skydrive\documents\my_folder\usc\spring2014\csci420\homework\homework3\assign3_startercode_windowsvs_working_till_supersampling\assign3\assign3\scene.cpp(453): warning C4018: '<' : signed/unsigned mismatch
     1>c:\users\ganesh\skydrive\documents\my_folder\usc\spring2014\csci420\homework\homework3\assign3_startercode_windowsvs_working_till_supersampling\assign3\assign3\scene.cpp(458): warning C4018: '<' : signed/unsigned mismatch
     1>c:\users\ganesh\skydrive\documents\my_folder\usc\spring2014\csci420\homework\homework3\assign3_startercode_windowsvs_working_till_supersampling\assign3\assign3\scene.cpp(487): warning C4018: '<' : signed/unsigned mismatch
         Generating Code...
         Compiling...
         assign3.cpp
     1>c:\users\ganesh\skydrive\documents\my_folder\usc\spring2014\csci420\homework\homework3\assign3_startercode_windowsvs_working_till_supersampling\assign3\assign3\triangleclass.h(11): warning C4005: 'DISTANCE_OFFSET' : macro redefinition
                 c:\users\ganesh\skydrive\documents\my_folder\usc\spring2014\csci420\homework\homework3\assign3_startercode_windowsvs_working_till_supersampling\assign3\assign3\sphereclass.h(10) : see previous definition of 'DISTANCE_OFFSET'
     1>c:\users\ganesh\skydrive\documents\my_folder\usc\spring2014\csci420\homework\homework3\assign3_startercode_windowsvs_working_till_supersampling\assign3\assign3\scene.h(16): warning C4005: 'BACKGROUND_RED' : macro redefinition
                 c:\program files (x86)\windows kits\8.1\include\um\wincon.h(185) : see previous definition of 'BACKGROUND_RED'
     1>c:\users\ganesh\skydrive\documents\my_folder\usc\spring2014\csci420\homework\homework3\assign3_startercode_windowsvs_working_till_supersampling\assign3\assign3\scene.h(17): warning C4005: 'BACKGROUND_GREEN' : macro redefinition
                 c:\program files (x86)\windows kits\8.1\include\um\wincon.h(184) : see previous definition of 'BACKGROUND_GREEN'
     1>c:\users\ganesh\skydrive\documents\my_folder\usc\spring2014\csci420\homework\homework3\assign3_startercode_windowsvs_working_till_supersampling\assign3\assign3\scene.h(18): warning C4005: 'BACKGROUND_BLUE' : macro redefinition
                 c:\program files (x86)\windows kits\8.1\include\um\wincon.h(183) : see previous definition of 'BACKGROUND_BLUE'
     1>c:\users\ganesh\skydrive\documents\my_folder\usc\spring2014\csci420\homework\homework3\assign3_startercode_windowsvs_working_till_supersampling\assign3\assign3\scene.h(23): warning C4005: 'DISTANCE_OFFSET' : macro redefinition
                 c:\users\ganesh\skydrive\documents\my_folder\usc\spring2014\csci420\homework\homework3\assign3_startercode_windowsvs_working_till_supersampling\assign3\assign3\triangleclass.h(11) : see previous definition of 'DISTANCE_OFFSET'
     1>c:\users\ganesh\skydrive\documents\my_folder\usc\spring2014\csci420\homework\homework3\assign3_startercode_windowsvs_working_till_supersampling\assign3\assign3\assign3.cpp(59): warning C4101: 'intersectionPoint' : unreferenced local variable
     1>c:\users\ganesh\skydrive\documents\my_folder\usc\spring2014\csci420\homework\homework3\assign3_startercode_windowsvs_working_till_supersampling\assign3\assign3\assign3.cpp(236): warning C4996: 'stricmp': The POSIX name for this item is deprecated. Instead, use the ISO C++ conformant name: _stricmp. See online help for details.
                 c:\program files (x86)\microsoft visual studio 12.0\vc\include\string.h(253) : see declaration of 'stricmp'
     1>c:\users\ganesh\skydrive\documents\my_folder\usc\spring2014\csci420\homework\homework3\assign3_startercode_windowsvs_working_till_supersampling\assign3\assign3\assign3.cpp(238): warning C4101: 'error' : unreferenced local variable
     1>c:\users\ganesh\skydrive\documents\my_folder\usc\spring2014\csci420\homework\homework3\assign3_startercode_windowsvs_working_till_supersampling\assign3\assign3\assign3.cpp(249): warning C4996: 'fscanf': This function or variable may be unsafe. Consider using fscanf_s instead. To disable deprecation, use _CRT_SECURE_NO_WARNINGS. See online help for details.
                 c:\program files (x86)\microsoft visual studio 12.0\vc\include\stdio.h(230) : see declaration of 'fscanf'
     1>c:\users\ganesh\skydrive\documents\my_folder\usc\spring2014\csci420\homework\homework3\assign3_startercode_windowsvs_working_till_supersampling\assign3\assign3\assign3.cpp(251): warning C4996: 'fscanf': This function or variable may be unsafe. Consider using fscanf_s instead. To disable deprecation, use _CRT_SECURE_NO_WARNINGS. See online help for details.
                 c:\program files (x86)\microsoft visual studio 12.0\vc\include\stdio.h(230) : see declaration of 'fscanf'
     1>c:\users\ganesh\skydrive\documents\my_folder\usc\spring2014\csci420\homework\homework3\assign3_startercode_windowsvs_working_till_supersampling\assign3\assign3\assign3.cpp(258): warning C4996: 'fscanf': This function or variable may be unsafe. Consider using fscanf_s instead. To disable deprecation, use _CRT_SECURE_NO_WARNINGS. See online help for details.
                 c:\program files (x86)\microsoft visual studio 12.0\vc\include\stdio.h(230) : see declaration of 'fscanf'
     1>c:\users\ganesh\skydrive\documents\my_folder\usc\spring2014\csci420\homework\homework3\assign3_startercode_windowsvs_working_till_supersampling\assign3\assign3\assign3.cpp(260): warning C4996: 'fscanf': This function or variable may be unsafe. Consider using fscanf_s instead. To disable deprecation, use _CRT_SECURE_NO_WARNINGS. See online help for details.
                 c:\program files (x86)\microsoft visual studio 12.0\vc\include\stdio.h(230) : see declaration of 'fscanf'
     1>c:\users\ganesh\skydrive\documents\my_folder\usc\spring2014\csci420\homework\homework3\assign3_startercode_windowsvs_working_till_supersampling\assign3\assign3\assign3.cpp(267): warning C4996: 'fscanf': This function or variable may be unsafe. Consider using fscanf_s instead. To disable deprecation, use _CRT_SECURE_NO_WARNINGS. See online help for details.
                 c:\program files (x86)\microsoft visual studio 12.0\vc\include\stdio.h(230) : see declaration of 'fscanf'
     1>c:\users\ganesh\skydrive\documents\my_folder\usc\spring2014\csci420\homework\homework3\assign3_startercode_windowsvs_working_till_supersampling\assign3\assign3\assign3.cpp(269): warning C4996: 'fscanf': This function or variable may be unsafe. Consider using fscanf_s instead. To disable deprecation, use _CRT_SECURE_NO_WARNINGS. See online help for details.
                 c:\program files (x86)\microsoft visual studio 12.0\vc\include\stdio.h(230) : see declaration of 'fscanf'
     1>c:\users\ganesh\skydrive\documents\my_folder\usc\spring2014\csci420\homework\homework3\assign3_startercode_windowsvs_working_till_supersampling\assign3\assign3\assign3.cpp(275): warning C4996: 'fopen': This function or variable may be unsafe. Consider using fopen_s instead. To disable deprecation, use _CRT_SECURE_NO_WARNINGS. See online help for details.
                 c:\program files (x86)\microsoft visual studio 12.0\vc\include\stdio.h(211) : see declaration of 'fopen'
     1>c:\users\ganesh\skydrive\documents\my_folder\usc\spring2014\csci420\homework\homework3\assign3_startercode_windowsvs_working_till_supersampling\assign3\assign3\assign3.cpp(282): warning C4996: 'fscanf': This function or variable may be unsafe. Consider using fscanf_s instead. To disable deprecation, use _CRT_SECURE_NO_WARNINGS. See online help for details.
                 c:\program files (x86)\microsoft visual studio 12.0\vc\include\stdio.h(230) : see declaration of 'fscanf'
     1>c:\users\ganesh\skydrive\documents\my_folder\usc\spring2014\csci420\homework\homework3\assign3_startercode_windowsvs_working_till_supersampling\assign3\assign3\assign3.cpp(291): warning C4996: 'fscanf': This function or variable may be unsafe. Consider using fscanf_s instead. To disable deprecation, use _CRT_SECURE_NO_WARNINGS. See online help for details.
                 c:\program files (x86)\microsoft visual studio 12.0\vc\include\stdio.h(230) : see declaration of 'fscanf'
     1>c:\users\ganesh\skydrive\documents\my_folder\usc\spring2014\csci420\homework\homework3\assign3_startercode_windowsvs_working_till_supersampling\assign3\assign3\assign3.cpp(293): warning C4996: 'stricmp': The POSIX name for this item is deprecated. Instead, use the ISO C++ conformant name: _stricmp. See online help for details.
                 c:\program files (x86)\microsoft visual studio 12.0\vc\include\string.h(253) : see declaration of 'stricmp'
     1>c:\users\ganesh\skydrive\documents\my_folder\usc\spring2014\csci420\homework\homework3\assign3_startercode_windowsvs_working_till_supersampling\assign3\assign3\assign3.cpp(315): warning C4996: 'stricmp': The POSIX name for this item is deprecated. Instead, use the ISO C++ conformant name: _stricmp. See online help for details.
                 c:\program files (x86)\microsoft visual studio 12.0\vc\include\string.h(253) : see declaration of 'stricmp'
     1>c:\users\ganesh\skydrive\documents\my_folder\usc\spring2014\csci420\homework\homework3\assign3_startercode_windowsvs_working_till_supersampling\assign3\assign3\assign3.cpp(332): warning C4996: 'stricmp': The POSIX name for this item is deprecated. Instead, use the ISO C++ conformant name: _stricmp. See online help for details.
                 c:\program files (x86)\microsoft visual studio 12.0\vc\include\string.h(253) : see declaration of 'stricmp'
     1>c:\users\ganesh\skydrive\documents\my_folder\usc\spring2014\csci420\homework\homework3\assign3_startercode_windowsvs_working_till_supersampling\assign3\assign3\assign3.cpp(285): warning C4101: 'str' : unreferenced local variable
         Generating Code...
       Link:
         C:\Program Files (x86)\Microsoft Visual Studio 12.0\VC\bin\link.exe /ERRORREPORT:PROMPT /OUT:"C:\Users\Ganesh\SkyDrive\Documents\My_Folder\USC\Spring2014\CSCI420\Homework\Homework3\assign3_starterCode_windowsVS_working_till_supersampling\assign3\Debug\assign3.exe" /INCREMENTAL /NOLOGO /LIBPATH:"glut-3.7.6-bin" /LIBPATH:picLibrary libjpeg.lib libtiff.lib picLibrary.lib kernel32.lib user32.lib gdi32.lib winspool.lib comdlg32.lib advapi32.lib shell32.lib ole32.lib oleaut32.lib uuid.lib odbc32.lib odbccp32.lib /MANIFEST /MANIFESTUAC:"level='asInvoker' uiAccess='false'" /manifest:embed /DEBUG /PDB:"C:\Users\Ganesh\SkyDrive\Documents\My_Folder\USC\Spring2014\CSCI420\Homework\Homework3\assign3_starterCode_windowsVS_working_till_supersampling\assign3\Debug\assign3.pdb" /SUBSYSTEM:CONSOLE /TLBID:1 /DYNAMICBASE /NXCOMPAT /IMPLIB:"C:\Users\Ganesh\SkyDrive\Documents\My_Folder\USC\Spring2014\CSCI420\Homework\Homework3\assign3_starterCode_windowsVS_working_till_supersampling\assign3\Debug\assign3.lib" /MACHINE:X86 Debug\assign3.obj
         Debug\Color.obj
         Debug\LightClass.obj
         Debug\Plane.obj
         Debug\Ray.obj
         Debug\Scene.obj
         Debug\SphereClass.obj
         Debug\TriangleClass.obj
         Debug\Vec3.obj
         picLibrary.lib(pic.obj) : MSIL .netmodule or module compiled with /GL found; restarting link with /LTCG; add /LTCG to the link command line to improve linker performance
     1>LINK : warning LNK4075: ignoring '/INCREMENTAL' due to '/LTCG' specification
     1>assign3.obj : warning LNK4075: ignoring '/EDITANDCONTINUE' due to '/OPT:LBR' specification
     1>LINK : warning LNK4098: defaultlib 'MSVCRT' conflicts with use of other libs; use /NODEFAULTLIB:library
     1>MSVCRTD.lib(cinitexe.obj) : warning LNK4098: defaultlib 'libcmtd.lib' conflicts with use of other libs; use /NODEFAULTLIB:library
         Generating code
         Finished generating code
     1>picLibrary.lib(pic.obj) : warning LNK4099: PDB 'vc100.pdb' was not found with 'picLibrary.lib(pic.obj)' or at 'C:\Users\Ganesh\SkyDrive\Documents\My_Folder\USC\Spring2014\CSCI420\Homework\Homework3\assign3_starterCode_windowsVS_working_till_supersampling\assign3\Debug\vc100.pdb'; linking object as if no debug info
     1>picLibrary.lib(jpeg.obj) : warning LNK4099: PDB 'vc100.pdb' was not found with 'picLibrary.lib(jpeg.obj)' or at 'C:\Users\Ganesh\SkyDrive\Documents\My_Folder\USC\Spring2014\CSCI420\Homework\Homework3\assign3_starterCode_windowsVS_working_till_supersampling\assign3\Debug\vc100.pdb'; linking object as if no debug info
     1>picLibrary.lib(ppm.obj) : warning LNK4099: PDB 'vc100.pdb' was not found with 'picLibrary.lib(ppm.obj)' or at 'C:\Users\Ganesh\SkyDrive\Documents\My_Folder\USC\Spring2014\CSCI420\Homework\Homework3\assign3_starterCode_windowsVS_working_till_supersampling\assign3\Debug\vc100.pdb'; linking object as if no debug info
     1>picLibrary.lib(tiff.obj) : warning LNK4099: PDB 'vc100.pdb' was not found with 'picLibrary.lib(tiff.obj)' or at 'C:\Users\Ganesh\SkyDrive\Documents\My_Folder\USC\Spring2014\CSCI420\Homework\Homework3\assign3_starterCode_windowsVS_working_till_supersampling\assign3\Debug\vc100.pdb'; linking object as if no debug info
     1>libjpeg.lib(jcapimin.obj) : warning LNK4099: PDB 'vc100.pdb' was not found with 'libjpeg.lib(jcapimin.obj)' or at 'C:\Users\Ganesh\SkyDrive\Documents\My_Folder\USC\Spring2014\CSCI420\Homework\Homework3\assign3_starterCode_windowsVS_working_till_supersampling\assign3\Debug\vc100.pdb'; linking object as if no debug info
     1>libjpeg.lib(jcapistd.obj) : warning LNK4099: PDB 'vc100.pdb' was not found with 'libjpeg.lib(jcapistd.obj)' or at 'C:\Users\Ganesh\SkyDrive\Documents\My_Folder\USC\Spring2014\CSCI420\Homework\Homework3\assign3_starterCode_windowsVS_working_till_supersampling\assign3\Debug\vc100.pdb'; linking object as if no debug info
     1>libjpeg.lib(jcarith.obj) : warning LNK4099: PDB 'vc100.pdb' was not found with 'libjpeg.lib(jcarith.obj)' or at 'C:\Users\Ganesh\SkyDrive\Documents\My_Folder\USC\Spring2014\CSCI420\Homework\Homework3\assign3_starterCode_windowsVS_working_till_supersampling\assign3\Debug\vc100.pdb'; linking object as if no debug info
     1>libjpeg.lib(jcparam.obj) : warning LNK4099: PDB 'vc100.pdb' was not found with 'libjpeg.lib(jcparam.obj)' or at 'C:\Users\Ganesh\SkyDrive\Documents\My_Folder\USC\Spring2014\CSCI420\Homework\Homework3\assign3_starterCode_windowsVS_working_till_supersampling\assign3\Debug\vc100.pdb'; linking object as if no debug info
     1>libjpeg.lib(jdatadst.obj) : warning LNK4099: PDB 'vc100.pdb' was not found with 'libjpeg.lib(jdatadst.obj)' or at 'C:\Users\Ganesh\SkyDrive\Documents\My_Folder\USC\Spring2014\CSCI420\Homework\Homework3\assign3_starterCode_windowsVS_working_till_supersampling\assign3\Debug\vc100.pdb'; linking object as if no debug info
     1>libjpeg.lib(jcinit.obj) : warning LNK4099: PDB 'vc100.pdb' was not found with 'libjpeg.lib(jcinit.obj)' or at 'C:\Users\Ganesh\SkyDrive\Documents\My_Folder\USC\Spring2014\CSCI420\Homework\Homework3\assign3_starterCode_windowsVS_working_till_supersampling\assign3\Debug\vc100.pdb'; linking object as if no debug info
     1>libjpeg.lib(jcmaster.obj) : warning LNK4099: PDB 'vc100.pdb' was not found with 'libjpeg.lib(jcmaster.obj)' or at 'C:\Users\Ganesh\SkyDrive\Documents\My_Folder\USC\Spring2014\CSCI420\Homework\Homework3\assign3_starterCode_windowsVS_working_till_supersampling\assign3\Debug\vc100.pdb'; linking object as if no debug info
     1>libjpeg.lib(jcmarker.obj) : warning LNK4099: PDB 'vc100.pdb' was not found with 'libjpeg.lib(jcmarker.obj)' or at 'C:\Users\Ganesh\SkyDrive\Documents\My_Folder\USC\Spring2014\CSCI420\Homework\Homework3\assign3_starterCode_windowsVS_working_till_supersampling\assign3\Debug\vc100.pdb'; linking object as if no debug info
     1>libjpeg.lib(jcmainct.obj) : warning LNK4099: PDB 'vc100.pdb' was not found with 'libjpeg.lib(jcmainct.obj)' or at 'C:\Users\Ganesh\SkyDrive\Documents\My_Folder\USC\Spring2014\CSCI420\Homework\Homework3\assign3_starterCode_windowsVS_working_till_supersampling\assign3\Debug\vc100.pdb'; linking object as if no debug info
     1>libjpeg.lib(jcprepct.obj) : warning LNK4099: PDB 'vc100.pdb' was not found with 'libjpeg.lib(jcprepct.obj)' or at 'C:\Users\Ganesh\SkyDrive\Documents\My_Folder\USC\Spring2014\CSCI420\Homework\Homework3\assign3_starterCode_windowsVS_working_till_supersampling\assign3\Debug\vc100.pdb'; linking object as if no debug info
     1>libjpeg.lib(jccoefct.obj) : warning LNK4099: PDB 'vc100.pdb' was not found with 'libjpeg.lib(jccoefct.obj)' or at 'C:\Users\Ganesh\SkyDrive\Documents\My_Folder\USC\Spring2014\CSCI420\Homework\Homework3\assign3_starterCode_windowsVS_working_till_supersampling\assign3\Debug\vc100.pdb'; linking object as if no debug info
     1>libjpeg.lib(jccolor.obj) : warning LNK4099: PDB 'vc100.pdb' was not found with 'libjpeg.lib(jccolor.obj)' or at 'C:\Users\Ganesh\SkyDrive\Documents\My_Folder\USC\Spring2014\CSCI420\Homework\Homework3\assign3_starterCode_windowsVS_working_till_supersampling\assign3\Debug\vc100.pdb'; linking object as if no debug info
     1>libjpeg.lib(jcsample.obj) : warning LNK4099: PDB 'vc100.pdb' was not found with 'libjpeg.lib(jcsample.obj)' or at 'C:\Users\Ganesh\SkyDrive\Documents\My_Folder\USC\Spring2014\CSCI420\Homework\Homework3\assign3_starterCode_windowsVS_working_till_supersampling\assign3\Debug\vc100.pdb'; linking object as if no debug info
     1>libjpeg.lib(jchuff.obj) : warning LNK4099: PDB 'vc100.pdb' was not found with 'libjpeg.lib(jchuff.obj)' or at 'C:\Users\Ganesh\SkyDrive\Documents\My_Folder\USC\Spring2014\CSCI420\Homework\Homework3\assign3_starterCode_windowsVS_working_till_supersampling\assign3\Debug\vc100.pdb'; linking object as if no debug info
     1>libjpeg.lib(jcdctmgr.obj) : warning LNK4099: PDB 'vc100.pdb' was not found with 'libjpeg.lib(jcdctmgr.obj)' or at 'C:\Users\Ganesh\SkyDrive\Documents\My_Folder\USC\Spring2014\CSCI420\Homework\Homework3\assign3_starterCode_windowsVS_working_till_supersampling\assign3\Debug\vc100.pdb'; linking object as if no debug info
     1>libjpeg.lib(jfdctfst.obj) : warning LNK4099: PDB 'vc100.pdb' was not found with 'libjpeg.lib(jfdctfst.obj)' or at 'C:\Users\Ganesh\SkyDrive\Documents\My_Folder\USC\Spring2014\CSCI420\Homework\Homework3\assign3_starterCode_windowsVS_working_till_supersampling\assign3\Debug\vc100.pdb'; linking object as if no debug info
     1>libjpeg.lib(jfdctflt.obj) : warning LNK4099: PDB 'vc100.pdb' was not found with 'libjpeg.lib(jfdctflt.obj)' or at 'C:\Users\Ganesh\SkyDrive\Documents\My_Folder\USC\Spring2014\CSCI420\Homework\Homework3\assign3_starterCode_windowsVS_working_till_supersampling\assign3\Debug\vc100.pdb'; linking object as if no debug info
     1>libjpeg.lib(jfdctint.obj) : warning LNK4099: PDB 'vc100.pdb' was not found with 'libjpeg.lib(jfdctint.obj)' or at 'C:\Users\Ganesh\SkyDrive\Documents\My_Folder\USC\Spring2014\CSCI420\Homework\Homework3\assign3_starterCode_windowsVS_working_till_supersampling\assign3\Debug\vc100.pdb'; linking object as if no debug info
     1>libjpeg.lib(jdapimin.obj) : warning LNK4099: PDB 'vc100.pdb' was not found with 'libjpeg.lib(jdapimin.obj)' or at 'C:\Users\Ganesh\SkyDrive\Documents\My_Folder\USC\Spring2014\CSCI420\Homework\Homework3\assign3_starterCode_windowsVS_working_till_supersampling\assign3\Debug\vc100.pdb'; linking object as if no debug info
     1>libjpeg.lib(jdapistd.obj) : warning LNK4099: PDB 'vc100.pdb' was not found with 'libjpeg.lib(jdapistd.obj)' or at 'C:\Users\Ganesh\SkyDrive\Documents\My_Folder\USC\Spring2014\CSCI420\Homework\Homework3\assign3_starterCode_windowsVS_working_till_supersampling\assign3\Debug\vc100.pdb'; linking object as if no debug info
     1>libjpeg.lib(jdarith.obj) : warning LNK4099: PDB 'vc100.pdb' was not found with 'libjpeg.lib(jdarith.obj)' or at 'C:\Users\Ganesh\SkyDrive\Documents\My_Folder\USC\Spring2014\CSCI420\Homework\Homework3\assign3_starterCode_windowsVS_working_till_supersampling\assign3\Debug\vc100.pdb'; linking object as if no debug info
     1>libjpeg.lib(jdatasrc.obj) : warning LNK4099: PDB 'vc100.pdb' was not found with 'libjpeg.lib(jdatasrc.obj)' or at 'C:\Users\Ganesh\SkyDrive\Documents\My_Folder\USC\Spring2014\CSCI420\Homework\Homework3\assign3_starterCode_windowsVS_working_till_supersampling\assign3\Debug\vc100.pdb'; linking object as if no debug info
     1>libjpeg.lib(jdmaster.obj) : warning LNK4099: PDB 'vc100.pdb' was not found with 'libjpeg.lib(jdmaster.obj)' or at 'C:\Users\Ganesh\SkyDrive\Documents\My_Folder\USC\Spring2014\CSCI420\Homework\Homework3\assign3_starterCode_windowsVS_working_till_supersampling\assign3\Debug\vc100.pdb'; linking object as if no debug info
     1>libjpeg.lib(jdinput.obj) : warning LNK4099: PDB 'vc100.pdb' was not found with 'libjpeg.lib(jdinput.obj)' or at 'C:\Users\Ganesh\SkyDrive\Documents\My_Folder\USC\Spring2014\CSCI420\Homework\Homework3\assign3_starterCode_windowsVS_working_till_supersampling\assign3\Debug\vc100.pdb'; linking object as if no debug info
     1>libjpeg.lib(jdmarker.obj) : warning LNK4099: PDB 'vc100.pdb' was not found with 'libjpeg.lib(jdmarker.obj)' or at 'C:\Users\Ganesh\SkyDrive\Documents\My_Folder\USC\Spring2014\CSCI420\Homework\Homework3\assign3_starterCode_windowsVS_working_till_supersampling\assign3\Debug\vc100.pdb'; linking object as if no debug info
     1>libjpeg.lib(jdhuff.obj) : warning LNK4099: PDB 'vc100.pdb' was not found with 'libjpeg.lib(jdhuff.obj)' or at 'C:\Users\Ganesh\SkyDrive\Documents\My_Folder\USC\Spring2014\CSCI420\Homework\Homework3\assign3_starterCode_windowsVS_working_till_supersampling\assign3\Debug\vc100.pdb'; linking object as if no debug info
     1>libjpeg.lib(jdmainct.obj) : warning LNK4099: PDB 'vc100.pdb' was not found with 'libjpeg.lib(jdmainct.obj)' or at 'C:\Users\Ganesh\SkyDrive\Documents\My_Folder\USC\Spring2014\CSCI420\Homework\Homework3\assign3_starterCode_windowsVS_working_till_supersampling\assign3\Debug\vc100.pdb'; linking object as if no debug info
     1>libjpeg.lib(jdcoefct.obj) : warning LNK4099: PDB 'vc100.pdb' was not found with 'libjpeg.lib(jdcoefct.obj)' or at 'C:\Users\Ganesh\SkyDrive\Documents\My_Folder\USC\Spring2014\CSCI420\Homework\Homework3\assign3_starterCode_windowsVS_working_till_supersampling\assign3\Debug\vc100.pdb'; linking object as if no debug info
     1>libjpeg.lib(jdpostct.obj) : warning LNK4099: PDB 'vc100.pdb' was not found with 'libjpeg.lib(jdpostct.obj)' or at 'C:\Users\Ganesh\SkyDrive\Documents\My_Folder\USC\Spring2014\CSCI420\Homework\Homework3\assign3_starterCode_windowsVS_working_till_supersampling\assign3\Debug\vc100.pdb'; linking object as if no debug info
     1>libjpeg.lib(jddctmgr.obj) : warning LNK4099: PDB 'vc100.pdb' was not found with 'libjpeg.lib(jddctmgr.obj)' or at 'C:\Users\Ganesh\SkyDrive\Documents\My_Folder\USC\Spring2014\CSCI420\Homework\Homework3\assign3_starterCode_windowsVS_working_till_supersampling\assign3\Debug\vc100.pdb'; linking object as if no debug info
     1>libjpeg.lib(jidctfst.obj) : warning LNK4099: PDB 'vc100.pdb' was not found with 'libjpeg.lib(jidctfst.obj)' or at 'C:\Users\Ganesh\SkyDrive\Documents\My_Folder\USC\Spring2014\CSCI420\Homework\Homework3\assign3_starterCode_windowsVS_working_till_supersampling\assign3\Debug\vc100.pdb'; linking object as if no debug info
     1>libjpeg.lib(jidctflt.obj) : warning LNK4099: PDB 'vc100.pdb' was not found with 'libjpeg.lib(jidctflt.obj)' or at 'C:\Users\Ganesh\SkyDrive\Documents\My_Folder\USC\Spring2014\CSCI420\Homework\Homework3\assign3_starterCode_windowsVS_working_till_supersampling\assign3\Debug\vc100.pdb'; linking object as if no debug info
     1>libjpeg.lib(jidctint.obj) : warning LNK4099: PDB 'vc100.pdb' was not found with 'libjpeg.lib(jidctint.obj)' or at 'C:\Users\Ganesh\SkyDrive\Documents\My_Folder\USC\Spring2014\CSCI420\Homework\Homework3\assign3_starterCode_windowsVS_working_till_supersampling\assign3\Debug\vc100.pdb'; linking object as if no debug info
     1>libjpeg.lib(jdsample.obj) : warning LNK4099: PDB 'vc100.pdb' was not found with 'libjpeg.lib(jdsample.obj)' or at 'C:\Users\Ganesh\SkyDrive\Documents\My_Folder\USC\Spring2014\CSCI420\Homework\Homework3\assign3_starterCode_windowsVS_working_till_supersampling\assign3\Debug\vc100.pdb'; linking object as if no debug info
     1>libjpeg.lib(jdcolor.obj) : warning LNK4099: PDB 'vc100.pdb' was not found with 'libjpeg.lib(jdcolor.obj)' or at 'C:\Users\Ganesh\SkyDrive\Documents\My_Folder\USC\Spring2014\CSCI420\Homework\Homework3\assign3_starterCode_windowsVS_working_till_supersampling\assign3\Debug\vc100.pdb'; linking object as if no debug info
     1>libjpeg.lib(jquant1.obj) : warning LNK4099: PDB 'vc100.pdb' was not found with 'libjpeg.lib(jquant1.obj)' or at 'C:\Users\Ganesh\SkyDrive\Documents\My_Folder\USC\Spring2014\CSCI420\Homework\Homework3\assign3_starterCode_windowsVS_working_till_supersampling\assign3\Debug\vc100.pdb'; linking object as if no debug info
     1>libjpeg.lib(jquant2.obj) : warning LNK4099: PDB 'vc100.pdb' was not found with 'libjpeg.lib(jquant2.obj)' or at 'C:\Users\Ganesh\SkyDrive\Documents\My_Folder\USC\Spring2014\CSCI420\Homework\Homework3\assign3_starterCode_windowsVS_working_till_supersampling\assign3\Debug\vc100.pdb'; linking object as if no debug info
     1>libjpeg.lib(jdmerge.obj) : warning LNK4099: PDB 'vc100.pdb' was not found with 'libjpeg.lib(jdmerge.obj)' or at 'C:\Users\Ganesh\SkyDrive\Documents\My_Folder\USC\Spring2014\CSCI420\Homework\Homework3\assign3_starterCode_windowsVS_working_till_supersampling\assign3\Debug\vc100.pdb'; linking object as if no debug info
     1>libjpeg.lib(jaricom.obj) : warning LNK4099: PDB 'vc100.pdb' was not found with 'libjpeg.lib(jaricom.obj)' or at 'C:\Users\Ganesh\SkyDrive\Documents\My_Folder\USC\Spring2014\CSCI420\Homework\Homework3\assign3_starterCode_windowsVS_working_till_supersampling\assign3\Debug\vc100.pdb'; linking object as if no debug info
     1>libjpeg.lib(jcomapi.obj) : warning LNK4099: PDB 'vc100.pdb' was not found with 'libjpeg.lib(jcomapi.obj)' or at 'C:\Users\Ganesh\SkyDrive\Documents\My_Folder\USC\Spring2014\CSCI420\Homework\Homework3\assign3_starterCode_windowsVS_working_till_supersampling\assign3\Debug\vc100.pdb'; linking object as if no debug info
     1>libjpeg.lib(jutils.obj) : warning LNK4099: PDB 'vc100.pdb' was not found with 'libjpeg.lib(jutils.obj)' or at 'C:\Users\Ganesh\SkyDrive\Documents\My_Folder\USC\Spring2014\CSCI420\Homework\Homework3\assign3_starterCode_windowsVS_working_till_supersampling\assign3\Debug\vc100.pdb'; linking object as if no debug info
     1>libjpeg.lib(jerror.obj) : warning LNK4099: PDB 'vc100.pdb' was not found with 'libjpeg.lib(jerror.obj)' or at 'C:\Users\Ganesh\SkyDrive\Documents\My_Folder\USC\Spring2014\CSCI420\Homework\Homework3\assign3_starterCode_windowsVS_working_till_supersampling\assign3\Debug\vc100.pdb'; linking object as if no debug info
     1>libjpeg.lib(jmemmgr.obj) : warning LNK4099: PDB 'vc100.pdb' was not found with 'libjpeg.lib(jmemmgr.obj)' or at 'C:\Users\Ganesh\SkyDrive\Documents\My_Folder\USC\Spring2014\CSCI420\Homework\Homework3\assign3_starterCode_windowsVS_working_till_supersampling\assign3\Debug\vc100.pdb'; linking object as if no debug info
     1>libjpeg.lib(jmemnobs.obj) : warning LNK4099: PDB 'vc100.pdb' was not found with 'libjpeg.lib(jmemnobs.obj)' or at 'C:\Users\Ganesh\SkyDrive\Documents\My_Folder\USC\Spring2014\CSCI420\Homework\Homework3\assign3_starterCode_windowsVS_working_till_supersampling\assign3\Debug\vc100.pdb'; linking object as if no debug info
         assign3.vcxproj -> C:\Users\Ganesh\SkyDrive\Documents\My_Folder\USC\Spring2014\CSCI420\Homework\Homework3\assign3_starterCode_windowsVS_working_till_supersampling\assign3\Debug\assign3.exe
     1>Done Building Project "C:\Users\Ganesh\SkyDrive\Documents\My_Folder\USC\Spring2014\CSCI420\Homework\Homework3\assign3_starterCode_windowsVS_working_till_supersampling\assign3\assign3\assign3.vcxproj" (Build target(s)).

Build succeeded.

Time Elapsed 00:00:02.75
