c:\users\ganesh\skydrive\documents\my_folder\usc\spring2014\csci420\homework\homework3\assign3_startercode_windowsvs\assign3\assign3\debug\vc120.pdb
c:\users\ganesh\skydrive\documents\my_folder\usc\spring2014\csci420\homework\homework3\assign3_startercode_windowsvs\assign3\assign3\debug\vc120.idb
c:\users\ganesh\skydrive\documents\my_folder\usc\spring2014\csci420\homework\homework3\assign3_startercode_windowsvs\assign3\assign3\debug\assign3.obj
c:\users\ganesh\skydrive\documents\my_folder\usc\spring2014\csci420\homework\homework3\assign3_startercode_windowsvs\assign3\assign3\debug\cameraconfig.obj
c:\users\ganesh\skydrive\documents\my_folder\usc\spring2014\csci420\homework\homework3\assign3_startercode_windowsvs\assign3\assign3\debug\color.obj
c:\users\ganesh\skydrive\documents\my_folder\usc\spring2014\csci420\homework\homework3\assign3_startercode_windowsvs\assign3\assign3\debug\plane.obj
c:\users\ganesh\skydrive\documents\my_folder\usc\spring2014\csci420\homework\homework3\assign3_startercode_windowsvs\assign3\assign3\debug\ray.obj
c:\users\ganesh\skydrive\documents\my_folder\usc\spring2014\csci420\homework\homework3\assign3_startercode_windowsvs\assign3\assign3\debug\sphereclass.obj
c:\users\ganesh\skydrive\documents\my_folder\usc\spring2014\csci420\homework\homework3\assign3_startercode_windowsvs\assign3\assign3\debug\vec3.obj
c:\users\ganesh\skydrive\documents\my_folder\usc\spring2014\csci420\homework\homework3\assign3_startercode_windowsvs\assign3\assign3\debug\scene.obj
c:\users\ganesh\skydrive\documents\my_folder\usc\spring2014\csci420\homework\homework3\assign3_startercode_windowsvs\assign3\assign3\debug\lightclass.obj
c:\users\ganesh\skydrive\documents\my_folder\usc\spring2014\csci420\homework\homework3\assign3_startercode_windowsvs\assign3\assign3\debug\triangleclass.obj
c:\users\ganesh\skydrive\documents\my_folder\usc\spring2014\csci420\homework\homework3\assign3_startercode_windowsvs\assign3\debug\assign3.exe
c:\users\ganesh\skydrive\documents\my_folder\usc\spring2014\csci420\homework\homework3\assign3_startercode_windowsvs\assign3\debug\assign3.pdb
c:\users\ganesh\skydrive\documents\my_folder\usc\spring2014\csci420\homework\homework3\assign3_startercode_windowsvs\assign3\assign3\debug\assign3.tlog\cl.command.1.tlog
c:\users\ganesh\skydrive\documents\my_folder\usc\spring2014\csci420\homework\homework3\assign3_startercode_windowsvs\assign3\assign3\debug\assign3.tlog\cl.read.1.tlog
c:\users\ganesh\skydrive\documents\my_folder\usc\spring2014\csci420\homework\homework3\assign3_startercode_windowsvs\assign3\assign3\debug\assign3.tlog\cl.write.1.tlog
c:\users\ganesh\skydrive\documents\my_folder\usc\spring2014\csci420\homework\homework3\assign3_startercode_windowsvs\assign3\assign3\debug\assign3.tlog\link.command.1.tlog
c:\users\ganesh\skydrive\documents\my_folder\usc\spring2014\csci420\homework\homework3\assign3_startercode_windowsvs\assign3\assign3\debug\assign3.tlog\link.read.1.tlog
c:\users\ganesh\skydrive\documents\my_folder\usc\spring2014\csci420\homework\homework3\assign3_startercode_windowsvs\assign3\assign3\debug\assign3.tlog\link.write.1.tlog
